<?xml version="1.0" encoding="utf-8"?><testsuites name="pytest tests"><testsuite name="pytest" errors="0" failures="0" skipped="0" tests="14" time="2.627" timestamp="2026-02-05T23:15:38.778649+00:00" hostname="agent-env-499c6d6b-a158-4c2a-9d1e-4cf87d0dc643"><testcase classname="tests.test_aires_combat_arbitre.TestAiresCombat" name="test_list_aires_combat" time="0.350" /><testcase classname="tests.test_aires_combat_arbitre.TestAiresCombat" name="test_create_aire_combat" time="0.051" /><testcase classname="tests.test_aires_combat_arbitre.TestAiresCombat" name="test_get_aire_combat_details" time="0.028" /><testcase classname="tests.test_aires_combat_arbitre.TestAiresCombat" name="test_delete_aire_combat" time="0.063" /><testcase classname="tests.test_aires_combat_arbitre.TestRepartitionCombats" name="test_repartir_combats_no_aires" time="0.374" /><testcase classname="tests.test_aires_combat_arbitre.TestRepartitionCombats" name="test_repartir_combats_success" time="0.067" /><testcase classname="tests.test_aires_combat_arbitre.TestArbitreEndpoints" name="test_get_arbitre_view" time="0.334" /><testcase classname="tests.test_aires_combat_arbitre.TestArbitreEndpoints" name="test_get_arbitre_view_invalid_aire" time="0.011" /><testcase classname="tests.test_aires_combat_arbitre.TestArbitreEndpoints" name="test_verifier_finales" time="0.052" /><testcase classname="tests.test_aires_combat_arbitre.TestCombatWorkflow" name="test_full_workflow" time="0.603" /><testcase classname="tests.test_aires_combat_arbitre.TestLancerCombat" name="test_lancer_combat_invalid_id" time="0.270" /><testcase classname="tests.test_aires_combat_arbitre.TestLancerCombat" name="test_lancer_combat_already_started" time="0.009" /><testcase classname="tests.test_aires_combat_arbitre.TestResultatCombat" name="test_resultat_invalid_combat" time="0.273" /><testcase classname="tests.test_aires_combat_arbitre.TestResultatCombat" name="test_resultat_invalid_vainqueur" time="0.010" /></testsuite></testsuites>