<?xml version="1.0" encoding="utf-8"?><testsuites name="pytest tests"><testsuite name="pytest" errors="0" failures="0" skipped="0" tests="10" time="1.660" timestamp="2026-03-31T03:25:10.165906+00:00" hostname="agent-env-dc93f7c5-d052-40ca-9d44-7dfca3a255ab"><testcase classname="backend.tests.test_anti_bye_logic.TestAntiBye4Fighters" name="test_regenerate_bracket_4_fighters" time="0.529" /><testcase classname="backend.tests.test_anti_bye_logic.TestAntiBye4Fighters" name="test_arbre_4_fighters_no_null_combattants" time="0.067" /><testcase classname="backend.tests.test_anti_bye_logic.TestAntiBye4Fighters" name="test_4_fighters_only_demis_created" time="0.065" /><testcase classname="backend.tests.test_anti_bye_logic.TestAntiBye13Fighters" name="test_regenerate_bracket_13_fighters" time="0.070" /><testcase classname="backend.tests.test_anti_bye_logic.TestAntiBye13Fighters" name="test_arbre_13_fighters_no_null_combattants" time="0.068" /><testcase classname="backend.tests.test_anti_bye_logic.TestAntiBye13Fighters" name="test_13_fighters_first_round_combats" time="0.065" /><testcase classname="backend.tests.test_anti_bye_logic.TestDynamicCombatCreation" name="test_enter_result_creates_next_combat" time="0.379" /><testcase classname="backend.tests.test_anti_bye_logic.TestAPIArbreNoBYECombats" name="test_api_arbre_no_null_fighters" time="0.130" /><testcase classname="backend.tests.test_anti_bye_logic.TestBYEPropagation" name="test_bye_winners_stored_in_bracket_structure" time="0.151" /><testcase classname="backend.tests.test_anti_bye_logic.TestBYEPropagation" name="test_quarts_not_created_until_results" time="0.069" /></testsuite></testsuites>