<?xml version="1.0" encoding="utf-8"?><testsuites name="pytest tests"><testsuite name="pytest" errors="0" failures="3" skipped="0" tests="16" time="2.599" timestamp="2026-02-05T22:18:33.877254+00:00" hostname="agent-env-499c6d6b-a158-4c2a-9d1e-4cf87d0dc643"><testcase classname="test_surclassement_features.TestAuthSetup" name="test_login_success" time="0.330" /><testcase classname="test_surclassement_features.TestAuthSetup" name="test_auth_me" time="0.013" /><testcase classname="test_surclassement_features.TestCategorySeedingEndpoint" name="test_seed_categories_endpoint_exists" time="0.337" /><testcase classname="test_surclassement_features.TestCategorySeedingEndpoint" name="test_seed_categories_replaces_existing" time="0.119"><failure message="AssertionError: assert 100 == 126&#10; +  where 100 = len([{'age_max': 6, 'age_min': 6, 'categorie_id': 'cat_245dc95c6578', 'competition_id': 'comp_73b265ca5b1c', ...}, {'age_max': 6, 'age_min': 6, 'categorie_id': 'cat_19952a6de6c0', 'competition_id': 'comp_73b265ca5b1c', ...}, {'age_max': 6, 'age_min': 6, 'categorie_id': 'cat_2b877ddcda46', 'competition_id': 'comp_73b265ca5b1c', ...}, {'age_max': 6, 'age_min': 6, 'categorie_id': 'cat_6b27701c3c2c', 'competition_id': 'comp_73b265ca5b1c', ...}, {'age_max': 6, 'age_min': 6, 'categorie_id': 'cat_3346499a8e99', 'competition_id': 'comp_73b265ca5b1c', ...}, {'age_max': 6, 'age_min': 6, 'categorie_id': 'cat_10a666aa9db6', 'competition_id': 'comp_73b265ca5b1c', ...}, ...])">test_surclassement_features.py:126: in test_seed_categories_replaces_existing
    assert len(categories) == 126
E   AssertionError: assert 100 == 126
E    +  where 100 = len([{'age_max': 6, 'age_min': 6, 'categorie_id': 'cat_245dc95c6578', 'competition_id': 'comp_73b265ca5b1c', ...}, {'age_max': 6, 'age_min': 6, 'categorie_id': 'cat_19952a6de6c0', 'competition_id': 'comp_73b265ca5b1c', ...}, {'age_max': 6, 'age_min': 6, 'categorie_id': 'cat_2b877ddcda46', 'competition_id': 'comp_73b265ca5b1c', ...}, {'age_max': 6, 'age_min': 6, 'categorie_id': 'cat_6b27701c3c2c', 'competition_id': 'comp_73b265ca5b1c', ...}, {'age_max': 6, 'age_min': 6, 'categorie_id': 'cat_3346499a8e99', 'competition_id': 'comp_73b265ca5b1c', ...}, {'age_max': 6, 'age_min': 6, 'categorie_id': 'cat_10a666aa9db6', 'competition_id': 'comp_73b265ca5b1c', ...}, ...])</failure></testcase><testcase classname="test_surclassement_features.TestCategorySeedingEndpoint" name="test_seed_categories_invalid_competition" time="0.009" /><testcase classname="test_surclassement_features.TestSurclassementCategoriesEndpoint" name="test_surclassement_categories_for_10_year_old_male" time="0.274" /><testcase classname="test_surclassement_features.TestSurclassementCategoriesEndpoint" name="test_surclassement_categories_for_8_year_old_female" time="0.011" /><testcase classname="test_surclassement_features.TestSurclassementCategoriesEndpoint" name="test_surclassement_categories_sorted_by_age_and_weight" time="0.011" /><testcase classname="test_surclassement_features.TestCompetiteurCreationWithSurclassement" name="test_create_competiteur_with_auto_category" time="0.327" /><testcase classname="test_surclassement_features.TestCompetiteurCreationWithSurclassement" name="test_create_competiteur_with_surclassement" time="0.029"><failure message="assert 400 == 200&#10; +  where 400 = &lt;Response [400]&gt;.status_code">test_surclassement_features.py:297: in test_create_competiteur_with_surclassement
    assert response.status_code == 200
E   assert 400 == 200
E    +  where 400 = &lt;Response [400]&gt;.status_code</failure></testcase><testcase classname="test_surclassement_features.TestCompetiteurCreationWithSurclassement" name="test_surclassement_weight_validation" time="0.069" /><testcase classname="test_surclassement_features.TestCompetiteurCreationWithSurclassement" name="test_surclassement_requires_category_when_enabled" time="0.032" /><testcase classname="test_surclassement_features.TestExistingCompetiteursData" name="test_lucas_dupont_is_surclasse" time="0.267" /><testcase classname="test_surclassement_features.TestExistingCompetiteursData" name="test_emma_martin_auto_assigned" time="0.009" /><testcase classname="test_surclassement_features.TestExistingCompetiteursData" name="test_126_categories_exist" time="0.011"><failure message="AssertionError: Expected 126 categories, got 100&#10;assert 100 == 126&#10; +  where 100 = len([{'age_max': 6, 'age_min': 6, 'categorie_id': 'cat_09d9eae89090', 'competition_id': 'comp_535694c8e8dc', ...}, {'age_max': 6, 'age_min': 6, 'categorie_id': 'cat_4ac644a2daff', 'competition_id': 'comp_535694c8e8dc', ...}, {'age_max': 6, 'age_min': 6, 'categorie_id': 'cat_daf945ef38dd', 'competition_id': 'comp_535694c8e8dc', ...}, {'age_max': 6, 'age_min': 6, 'categorie_id': 'cat_3c580acbfd02', 'competition_id': 'comp_535694c8e8dc', ...}, {'age_max': 6, 'age_min': 6, 'categorie_id': 'cat_19f5406f5c03', 'competition_id': 'comp_535694c8e8dc', ...}, {'age_max': 6, 'age_min': 6, 'categorie_id': 'cat_a4dab3095e53', 'competition_id': 'comp_535694c8e8dc', ...}, ...])">test_surclassement_features.py:410: in test_126_categories_exist
    assert len(categories) == 126, f"Expected 126 categories, got {len(categories)}"
E   AssertionError: Expected 126 categories, got 100
E   assert 100 == 126
E    +  where 100 = len([{'age_max': 6, 'age_min': 6, 'categorie_id': 'cat_09d9eae89090', 'competition_id': 'comp_535694c8e8dc', ...}, {'age_max': 6, 'age_min': 6, 'categorie_id': 'cat_4ac644a2daff', 'competition_id': 'comp_535694c8e8dc', ...}, {'age_max': 6, 'age_min': 6, 'categorie_id': 'cat_daf945ef38dd', 'competition_id': 'comp_535694c8e8dc', ...}, {'age_max': 6, 'age_min': 6, 'categorie_id': 'cat_3c580acbfd02', 'competition_id': 'comp_535694c8e8dc', ...}, {'age_max': 6, 'age_min': 6, 'categorie_id': 'cat_19f5406f5c03', 'competition_id': 'comp_535694c8e8dc', ...}, {'age_max': 6, 'age_min': 6, 'categorie_id': 'cat_a4dab3095e53', 'competition_id': 'comp_535694c8e8dc', ...}, ...])</failure></testcase><testcase classname="test_surclassement_features.TestAgeGroupsEndpoint" name="test_age_groups_returns_all_groups" time="0.595" /></testsuite></testsuites>