<?xml version="1.0" encoding="utf-8"?><testsuites name="pytest tests"><testsuite name="pytest" errors="0" failures="0" skipped="0" tests="26" time="5.273" timestamp="2026-03-21T02:44:00.632763+00:00" hostname="agent-env-dc93f7c5-d052-40ca-9d44-7dfca3a255ab"><testcase classname="backend.tests.test_combats_manuels.TestCombatManuelCreate" name="test_create_combat_manuel_with_competitors" time="0.698" /><testcase classname="backend.tests.test_combats_manuels.TestCombatManuelCreate" name="test_create_combat_manuel_without_competitors" time="0.097" /><testcase classname="backend.tests.test_combats_manuels.TestCombatManuelCreate" name="test_create_combat_manuel_invalid_competition" time="0.047" /><testcase classname="backend.tests.test_combats_manuels.TestCombatManuelCreate" name="test_create_combat_manuel_invalid_categorie" time="0.057" /><testcase classname="backend.tests.test_combats_manuels.TestCombatManuelUpdate" name="test_update_combat_manuel_tour" time="0.110" /><testcase classname="backend.tests.test_combats_manuels.TestCombatManuelUpdate" name="test_update_combat_manuel_nom_personnalise" time="0.049" /><testcase classname="backend.tests.test_combats_manuels.TestCombatManuelUpdate" name="test_update_combat_manuel_change_competitor" time="0.050" /><testcase classname="backend.tests.test_combats_manuels.TestCombatManuelUpdate" name="test_update_combat_manuel_remove_competitor" time="0.051" /><testcase classname="backend.tests.test_combats_manuels.TestCombatManuelUpdate" name="test_update_combat_manuel_nonexistent" time="0.047" /><testcase classname="backend.tests.test_combats_manuels.TestCombatManuelDelete" name="test_delete_combat_manuel" time="0.140" /><testcase classname="backend.tests.test_combats_manuels.TestCombatManuelDelete" name="test_delete_combat_manuel_nonexistent" time="0.047" /><testcase classname="backend.tests.test_combats_manuels.TestCombatConnexion" name="test_connecter_combats" time="0.346" /><testcase classname="backend.tests.test_combats_manuels.TestCombatConnexion" name="test_connecter_combats_invalid_slot" time="0.229" /><testcase classname="backend.tests.test_combats_manuels.TestCombatConnexion" name="test_deconnecter_combat" time="0.407" /><testcase classname="backend.tests.test_combats_manuels.TestCombatsPrets" name="test_get_combats_prets" time="0.050" /><testcase classname="backend.tests.test_combats_manuels.TestCombatsPrets" name="test_get_combats_prets_invalid_competition" time="0.047" /><testcase classname="backend.tests.test_combats_manuels.TestCombatsNonAssignes" name="test_get_combats_non_assignes" time="0.249" /><testcase classname="backend.tests.test_combats_manuels.TestAssignerAire" name="test_assigner_combat_aire" time="0.234" /><testcase classname="backend.tests.test_combats_manuels.TestAssignerAire" name="test_assigner_combat_aire_invalid_combat" time="0.045" /><testcase classname="backend.tests.test_combats_manuels.TestAssignerAire" name="test_assigner_combat_aire_invalid_aire" time="0.220" /><testcase classname="backend.tests.test_combats_manuels.TestDistributionAuto" name="test_distribution_auto" time="0.254" /><testcase classname="backend.tests.test_combats_manuels.TestArbreManuel" name="test_get_arbre_manuel" time="0.053" /><testcase classname="backend.tests.test_combats_manuels.TestArbreManuel" name="test_get_arbre_manuel_with_connections" time="0.319" /><testcase classname="backend.tests.test_combats_manuels.TestPropagationVainqueur" name="test_propagation_vainqueur_manuel" time="0.396" /><testcase classname="backend.tests.test_combats_manuels.TestEdgeCases" name="test_cannot_modify_finished_combat" time="0.263" /><testcase classname="backend.tests.test_combats_manuels.TestEdgeCases" name="test_slot_already_connected" time="0.674" /></testsuite></testsuites>