<?xml version="1.0" encoding="utf-8"?><testsuites name="pytest tests"><testsuite name="pytest" errors="0" failures="0" skipped="0" tests="14" time="4.298" timestamp="2026-02-06T03:02:14.527816+00:00" hostname="agent-env-7d0d21e1-cd0d-4501-be87-b84cbc975eb9"><testcase classname="backend.tests.test_phase1_features.TestPhase1Features" name="test_get_aires_combat_list" time="0.376" /><testcase classname="backend.tests.test_phase1_features.TestPhase1Features" name="test_update_aire_status_to_pause" time="0.279" /><testcase classname="backend.tests.test_phase1_features.TestPhase1Features" name="test_update_aire_status_to_hs" time="0.288" /><testcase classname="backend.tests.test_phase1_features.TestPhase1Features" name="test_update_aire_status_to_active" time="0.272" /><testcase classname="backend.tests.test_phase1_features.TestPhase1Features" name="test_update_aire_status_invalid" time="0.276" /><testcase classname="backend.tests.test_phase1_features.TestPhase1Features" name="test_update_aire_not_found" time="0.269" /><testcase classname="backend.tests.test_phase1_features.TestPhase1Features" name="test_get_combats_ordre" time="0.278" /><testcase classname="backend.tests.test_phase1_features.TestPhase1Features" name="test_reorder_combats" time="0.363" /><testcase classname="backend.tests.test_phase1_features.TestPhase1Features" name="test_reorder_combats_invalid_aire" time="0.277" /><testcase classname="backend.tests.test_phase1_features.TestPhase1Features" name="test_forfait_endpoint_exists" time="0.268" /><testcase classname="backend.tests.test_phase1_features.TestPhase1Features" name="test_forfait_with_valid_combat" time="0.266" /><testcase classname="backend.tests.test_phase1_features.TestPhase1Features" name="test_get_arbre_combats" time="0.299" /><testcase classname="backend.tests.test_phase1_features.TestPhase1Features" name="test_get_medailles" time="0.305" /><testcase classname="backend.tests.test_phase1_features.TestAireStatusPersistence" name="test_status_persistence_cycle" time="0.351" /></testsuite></testsuites>