<?xml version="1.0" encoding="utf-8"?><testsuites name="pytest tests"><testsuite name="pytest" errors="0" failures="0" skipped="0" tests="10" time="4.779" timestamp="2026-03-30T20:27:39.084020+00:00" hostname="agent-env-dc93f7c5-d052-40ca-9d44-7dfca3a255ab"><testcase classname="backend.tests.test_byes_bracket.TestByesAPI" name="test_01_get_categories_with_combats" time="0.463" /><testcase classname="backend.tests.test_byes_bracket.TestByesAPI" name="test_02_get_byes_info_endpoint" time="0.428" /><testcase classname="backend.tests.test_byes_bracket.TestByesAPI" name="test_03_get_arbre_combats_returns_bracket_info" time="0.503" /><testcase classname="backend.tests.test_byes_bracket.TestByesAPI" name="test_04_no_bronze_fight_in_arbre" time="0.450" /><testcase classname="backend.tests.test_byes_bracket.TestByesAPI" name="test_05_new_tours_supported" time="0.378" /><testcase classname="backend.tests.test_byes_bracket.TestByesAPI" name="test_06_put_byes_requires_master" time="0.488" /><testcase classname="backend.tests.test_byes_bracket.TestByesAPI" name="test_07_byes_locked_when_combat_started" time="0.477" /><testcase classname="backend.tests.test_byes_bracket.TestBracketGeneration" name="test_bracket_size_power_of_2" time="0.571" /><testcase classname="backend.tests.test_byes_bracket.TestBracketGeneration" name="test_num_byes_calculation" time="0.530" /><testcase classname="backend.tests.test_byes_bracket.TestMedaillesAttribution" name="test_medailles_endpoint_exists" time="0.438" /></testsuite></testsuites>