<?xml version="1.0" encoding="utf-8"?><testsuites name="pytest tests"><testsuite name="pytest" errors="0" failures="0" skipped="1" tests="20" time="3.539" timestamp="2026-02-06T03:29:42.206152+00:00" hostname="agent-env-7d0d21e1-cd0d-4501-be87-b84cbc975eb9"><testcase classname="backend.tests.test_phase2_features.TestSetup" name="test_admin_login" time="0.325" /><testcase classname="backend.tests.test_phase2_features.TestUserRoleManagement" name="test_list_users" time="0.277" /><testcase classname="backend.tests.test_phase2_features.TestUserRoleManagement" name="test_change_role_to_admin" time="0.088" /><testcase classname="backend.tests.test_phase2_features.TestUserRoleManagement" name="test_change_role_invalid" time="0.025" /><testcase classname="backend.tests.test_phase2_features.TestUserRoleManagement" name="test_change_role_nonexistent_user" time="0.010" /><testcase classname="backend.tests.test_phase2_features.TestUserRoleManagement" name="test_admin_cannot_promote_to_master" time="0.073" /><testcase classname="backend.tests.test_phase2_features.TestUserDeletion" name="test_admin_cannot_delete_user" time="0.377" /><testcase classname="backend.tests.test_phase2_features.TestCoachValidationPerCompetition" name="test_get_authorized_coaches" time="0.311" /><testcase classname="backend.tests.test_phase2_features.TestCoachValidationPerCompetition" name="test_get_available_coaches" time="0.013" /><testcase classname="backend.tests.test_phase2_features.TestCoachValidationPerCompetition" name="test_add_and_remove_coach" time="0.242" /><testcase classname="backend.tests.test_phase2_features.TestCoachValidationPerCompetition" name="test_add_coach_already_authorized" time="0.010"><skipped type="pytest.skip" message="No authorized coaches to test duplicate add">/app/backend/tests/test_phase2_features.py:282: No authorized coaches to test duplicate add</skipped></testcase><testcase classname="backend.tests.test_phase2_features.TestCoachValidationPerCompetition" name="test_coaches_nonexistent_competition" time="0.052" /><testcase classname="backend.tests.test_phase2_features.TestExcelExport" name="test_export_competiteurs_excel" time="0.637" /><testcase classname="backend.tests.test_phase2_features.TestExcelExport" name="test_export_nonexistent_competition" time="0.011" /><testcase classname="backend.tests.test_phase2_features.TestExcelTemplate" name="test_download_template" time="0.272" /><testcase classname="backend.tests.test_phase2_features.TestExcelImport" name="test_import_endpoint_exists" time="0.278" /><testcase classname="backend.tests.test_phase2_features.TestExcelImport" name="test_import_invalid_file_type" time="0.012" /><testcase classname="backend.tests.test_phase2_features.TestExcelImport" name="test_import_nonexistent_competition" time="0.028" /><testcase classname="backend.tests.test_phase2_features.TestIntegration" name="test_full_coach_workflow" time="0.331" /><testcase classname="backend.tests.test_phase2_features.TestIntegration" name="test_full_excel_workflow" time="0.037" /></testsuite></testsuites>