<?xml version="1.0" encoding="utf-8"?><testsuites name="pytest tests"><testsuite name="pytest" errors="0" failures="0" skipped="0" tests="16" time="1.559" timestamp="2026-03-31T03:47:00.453847+00:00" hostname="agent-env-dc93f7c5-d052-40ca-9d44-7dfca3a255ab"><testcase classname="backend.tests.test_bracket_complete_tree.TestBracketGeneration13Fighters" name="test_arbre_api_returns_all_rounds" time="0.462" /><testcase classname="backend.tests.test_bracket_complete_tree.TestBracketGeneration13Fighters" name="test_total_combats_13_fighters" time="0.072" /><testcase classname="backend.tests.test_bracket_complete_tree.TestBracketGeneration13Fighters" name="test_combats_per_round_13_fighters" time="0.071" /><testcase classname="backend.tests.test_bracket_complete_tree.TestBracketGeneration13Fighters" name="test_byes_marked_correctly" time="0.070" /><testcase classname="backend.tests.test_bracket_complete_tree.TestBracketGeneration13Fighters" name="test_bye_winners_propagated_to_next_round" time="0.064" /><testcase classname="backend.tests.test_bracket_complete_tree.TestBracketGeneration4Fighters" name="test_arbre_api_returns_all_rounds_4_fighters" time="0.068" /><testcase classname="backend.tests.test_bracket_complete_tree.TestBracketGeneration4Fighters" name="test_total_combats_4_fighters" time="0.065" /><testcase classname="backend.tests.test_bracket_complete_tree.TestBracketGeneration4Fighters" name="test_no_byes_4_fighters" time="0.070" /><testcase classname="backend.tests.test_bracket_complete_tree.TestBracketGeneration4Fighters" name="test_combats_per_round_4_fighters" time="0.065" /><testcase classname="backend.tests.test_bracket_complete_tree.TestBracketGeneration8Fighters" name="test_arbre_api_returns_all_rounds_8_fighters" time="0.069" /><testcase classname="backend.tests.test_bracket_complete_tree.TestBracketGeneration8Fighters" name="test_total_combats_8_fighters" time="0.069" /><testcase classname="backend.tests.test_bracket_complete_tree.TestBracketGeneration8Fighters" name="test_no_byes_8_fighters" time="0.072" /><testcase classname="backend.tests.test_bracket_complete_tree.TestBracketGeneration8Fighters" name="test_combats_per_round_8_fighters" time="0.066" /><testcase classname="backend.tests.test_bracket_complete_tree.TestADeterminerDisplay" name="test_future_rounds_have_a_determiner" time="0.065" /><testcase classname="backend.tests.test_bracket_complete_tree.TestPowerOf2Structure" name="test_each_round_is_half_of_previous" time="0.068" /><testcase classname="backend.tests.test_bracket_complete_tree.TestWinnerPropagation" name="test_bye_winner_appears_in_next_round" time="0.080" /></testsuite></testsuites>