<?xml version="1.0" encoding="utf-8"?><testsuites name="pytest tests"><testsuite name="pytest" errors="0" failures="0" skipped="0" tests="16" time="2.623" timestamp="2026-02-05T22:19:53.115120+00:00" hostname="agent-env-499c6d6b-a158-4c2a-9d1e-4cf87d0dc643"><testcase classname="test_surclassement_features.TestAuthSetup" name="test_login_success" time="0.324" /><testcase classname="test_surclassement_features.TestAuthSetup" name="test_auth_me" time="0.012" /><testcase classname="test_surclassement_features.TestCategorySeedingEndpoint" name="test_seed_categories_endpoint_exists" time="0.365" /><testcase classname="test_surclassement_features.TestCategorySeedingEndpoint" name="test_seed_categories_replaces_existing" time="0.130" /><testcase classname="test_surclassement_features.TestCategorySeedingEndpoint" name="test_seed_categories_invalid_competition" time="0.008" /><testcase classname="test_surclassement_features.TestSurclassementCategoriesEndpoint" name="test_surclassement_categories_for_10_year_old_male" time="0.272" /><testcase classname="test_surclassement_features.TestSurclassementCategoriesEndpoint" name="test_surclassement_categories_for_8_year_old_female" time="0.009" /><testcase classname="test_surclassement_features.TestSurclassementCategoriesEndpoint" name="test_surclassement_categories_sorted_by_age_and_weight" time="0.010" /><testcase classname="test_surclassement_features.TestCompetiteurCreationWithSurclassement" name="test_create_competiteur_with_auto_category" time="0.291" /><testcase classname="test_surclassement_features.TestCompetiteurCreationWithSurclassement" name="test_create_competiteur_with_surclassement" time="0.028" /><testcase classname="test_surclassement_features.TestCompetiteurCreationWithSurclassement" name="test_surclassement_weight_validation" time="0.059" /><testcase classname="test_surclassement_features.TestCompetiteurCreationWithSurclassement" name="test_surclassement_requires_category_when_enabled" time="0.018" /><testcase classname="test_surclassement_features.TestExistingCompetiteursData" name="test_lucas_dupont_is_surclasse" time="0.336" /><testcase classname="test_surclassement_features.TestExistingCompetiteursData" name="test_emma_martin_auto_assigned" time="0.016" /><testcase classname="test_surclassement_features.TestExistingCompetiteursData" name="test_126_categories_exist" time="0.015" /><testcase classname="test_surclassement_features.TestAgeGroupsEndpoint" name="test_age_groups_returns_all_groups" time="0.646" /></testsuite></testsuites>