<?xml version="1.0" encoding="utf-8"?><testsuites name="pytest tests"><testsuite name="pytest" errors="0" failures="0" skipped="0" tests="12" time="6.060" timestamp="2026-03-31T02:54:04.546310+00:00" hostname="agent-env-dc93f7c5-d052-40ca-9d44-7dfca3a255ab"><testcase classname="backend.tests.test_bracket_slots_structure.TestBracketSlotStructure" name="test_8emes_has_exactly_8_slots" time="0.668" /><testcase classname="backend.tests.test_bracket_slots_structure.TestBracketSlotStructure" name="test_quarts_has_exactly_4_combats" time="0.490" /><testcase classname="backend.tests.test_bracket_slots_structure.TestBracketSlotStructure" name="test_demis_has_exactly_2_combats" time="0.450" /><testcase classname="backend.tests.test_bracket_slots_structure.TestBracketSlotStructure" name="test_finale_has_exactly_1_combat" time="0.455" /><testcase classname="backend.tests.test_bracket_slots_structure.TestBracketSlotStructure" name="test_total_combats_is_15" time="0.464" /><testcase classname="backend.tests.test_bracket_slots_structure.TestBracketSlotStructure" name="test_structure_valide_is_true" time="0.457" /><testcase classname="backend.tests.test_bracket_slots_structure.TestBracketSlotStructure" name="test_verification_object_all_valid" time="0.476" /><testcase classname="backend.tests.test_bracket_slots_structure.TestBracketSlotStructure" name="test_bye_slots_visible_with_a_determiner" time="0.539" /><testcase classname="backend.tests.test_bracket_slots_structure.TestBracketSlotStructure" name="test_bye_slots_marked_as_termine_with_vainqueur" time="0.541" /><testcase classname="backend.tests.test_bracket_slots_structure.TestBracketSlotStructure" name="test_bye_winners_appear_in_quarts" time="0.487" /><testcase classname="backend.tests.test_bracket_slots_structure.TestBracketSlotStructure" name="test_bracket_size_is_16" time="0.515" /><testcase classname="backend.tests.test_bracket_slots_structure.TestBracketSlotStructure" name="test_num_byes_is_3" time="0.452" /></testsuite></testsuites>