<?xml version="1.0" encoding="utf-8"?><testsuites name="pytest tests"><testsuite name="pytest" errors="0" failures="0" skipped="0" tests="7" time="3.354" timestamp="2026-03-31T02:31:55.634552+00:00" hostname="agent-env-dc93f7c5-d052-40ca-9d44-7dfca3a255ab"><testcase classname="backend.tests.test_bracket_generation.TestBracketGeneration" name="test_auth_me_works" time="0.518" /><testcase classname="backend.tests.test_bracket_generation.TestBracketGeneration" name="test_category_13_fighters_exists" time="0.463" /><testcase classname="backend.tests.test_bracket_generation.TestBracketGeneration" name="test_generate_bracket_13_fighters" time="0.458" /><testcase classname="backend.tests.test_bracket_generation.TestBracketGeneration" name="test_arbre_endpoint_13_fighters" time="0.529" /><testcase classname="backend.tests.test_bracket_generation.TestBracketGeneration" name="test_generate_bracket_21_fighters" time="0.515" /><testcase classname="backend.tests.test_bracket_generation.TestBracketEdgeCases" name="test_power_of_2_calculation" time="0.412" /><testcase classname="backend.tests.test_bracket_generation.TestBracketEdgeCases" name="test_tour_names_by_bracket_size" time="0.408" /></testsuite></testsuites>